Using pre-set license
Built from '2022.3/staging' branch; Version is '2022.3.10f1 (ff3792e53c62) revision 16725906'; Using compiler version '192829333'; Build Type 'Release'
OS: 'Windows 10  (10.0.19045) 64bit Professional' Language: 'en' Physical Memory: 32559 MB
BatchMode: 1, IsHumanControllingUs: 0, StartBugReporterOnCrash: 0, Is64bit: 1, IsPro: 1

COMMAND LINE ARGUMENTS:
D:\Unity\2022.3.10f1\Editor\Unity.exe
-adb2
-batchMode
-noUpm
-name
AssetImportWorker0
-projectPath
C:/Users/finn/Documents/GitHub/Prototype-3
-logFile
Logs/AssetImportWorker0.log
-srvPort
51563
Successfully changed project path to: C:/Users/finn/Documents/GitHub/Prototype-3
C:/Users/finn/Documents/GitHub/Prototype-3
[UnityMemory] Configuration Parameters - Can be set up in boot.config
    "memorysetup-bucket-allocator-granularity=16"
    "memorysetup-bucket-allocator-bucket-count=8"
    "memorysetup-bucket-allocator-block-size=33554432"
    "memorysetup-bucket-allocator-block-count=8"
    "memorysetup-main-allocator-block-size=16777216"
    "memorysetup-thread-allocator-block-size=16777216"
    "memorysetup-gfx-main-allocator-block-size=16777216"
    "memorysetup-gfx-thread-allocator-block-size=16777216"
    "memorysetup-cache-allocator-block-size=4194304"
    "memorysetup-typetree-allocator-block-size=2097152"
    "memorysetup-profiler-bucket-allocator-granularity=16"
    "memorysetup-profiler-bucket-allocator-bucket-count=8"
    "memorysetup-profiler-bucket-allocator-block-size=33554432"
    "memorysetup-profiler-bucket-allocator-block-count=8"
    "memorysetup-profiler-allocator-block-size=16777216"
    "memorysetup-profiler-editor-allocator-block-size=1048576"
    "memorysetup-temp-allocator-size-main=16777216"
    "memorysetup-job-temp-allocator-block-size=2097152"
    "memorysetup-job-temp-allocator-block-size-background=1048576"
    "memorysetup-job-temp-allocator-reduction-small-platforms=262144"
    "memorysetup-allocator-temp-initial-block-size-main=262144"
    "memorysetup-allocator-temp-initial-block-size-worker=262144"
    "memorysetup-temp-allocator-size-background-worker=32768"
    "memorysetup-temp-allocator-size-job-worker=262144"
    "memorysetup-temp-allocator-size-preload-manager=33554432"
    "memorysetup-temp-allocator-size-nav-mesh-worker=65536"
    "memorysetup-temp-allocator-size-audio-worker=65536"
    "memorysetup-temp-allocator-size-cloud-worker=32768"
    "memorysetup-temp-allocator-size-gi-baking-worker=262144"
    "memorysetup-temp-allocator-size-gfx=262144"
Player connection [13848] Host "[IP] 192.168.1.2 [Port] 0 [Flags] 2 [Guid] 1746757171 [EditorId] 1746757171 [Version] 1048832 [Id] WindowsEditor(7,DESKTOP-SQOAH00) [Debug] 1 [PackageName] WindowsEditor [ProjectName] Editor" joined multi-casting on [225.0.0.222:54997]...

Player connection [13848] Host "[IP] 192.168.1.2 [Port] 0 [Flags] 2 [Guid] 1746757171 [EditorId] 1746757171 [Version] 1048832 [Id] WindowsEditor(7,DESKTOP-SQOAH00) [Debug] 1 [PackageName] WindowsEditor [ProjectName] Editor" joined alternative multi-casting on [225.0.0.222:34997]...

[Physics::Module] Initialized MultithreadedJobDispatcher with 15 workers.
Refreshing native plugins compatible for Editor in 11.44 ms, found 3 plugins.
Preloading 0 native plugins for Editor in 0.00 ms.
Initialize engine version: 2022.3.10f1 (ff3792e53c62)
[Subsystems] Discovering subsystems at path D:/Unity/2022.3.10f1/Editor/Data/Resources/UnitySubsystems
[Subsystems] Discovering subsystems at path C:/Users/finn/Documents/GitHub/Prototype-3/Assets
GfxDevice: creating device client; threaded=0; jobified=0
Direct3D:
    Version:  Direct3D 11.0 [level 11.1]
    Renderer: NVIDIA GeForce RTX 2080 (ID=0x1e87)
    Vendor:   NVIDIA
    VRAM:     8002 MB
    Driver:   31.0.15.3713
Initialize mono
Mono path[0] = 'D:/Unity/2022.3.10f1/Editor/Data/Managed'
Mono path[1] = 'D:/Unity/2022.3.10f1/Editor/Data/MonoBleedingEdge/lib/mono/unityjit-win32'
Mono config path = 'D:/Unity/2022.3.10f1/Editor/Data/MonoBleedingEdge/etc'
Using monoOptions --debugger-agent=transport=dt_socket,embedding=1,server=y,suspend=n,address=127.0.0.1:56084
Begin MonoManager ReloadAssembly
Registering precompiled unity dll's ...
Register platform support module: D:/Unity/2022.3.10f1/Editor/Data/PlaybackEngines/WindowsStandaloneSupport/UnityEditor.WindowsStandalone.Extensions.dll
Registered in 0.004693 seconds.
- Loaded All Assemblies, in  0.349 seconds
Native extension for WindowsStandalone target not found
Mono: successfully reloaded assembly
- Finished resetting the current domain, in  0.274 seconds
Domain Reload Profiling: 623ms
	BeginReloadAssembly (112ms)
		ExecutionOrderSort (0ms)
		DisableScriptedObjects (0ms)
		BackupInstance (0ms)
		ReleaseScriptingObjects (0ms)
		CreateAndSetChildDomain (1ms)
	RebuildCommonClasses (35ms)
	RebuildNativeTypeToScriptingClass (12ms)
	initialDomainReloadingComplete (55ms)
	LoadAllAssembliesAndSetupDomain (135ms)
		LoadAssemblies (111ms)
		RebuildTransferFunctionScriptingTraits (0ms)
		AnalyzeDomain (133ms)
			TypeCache.Refresh (132ms)
				TypeCache.ScanAssembly (119ms)
			ScanForSourceGeneratedMonoScriptInfo (0ms)
			ResolveRequiredComponents (0ms)
	FinalizeReload (275ms)
		ReleaseScriptCaches (0ms)
		RebuildScriptCaches (0ms)
		SetupLoadedEditorAssemblies (212ms)
			LogAssemblyErrors (0ms)
			InitializePlatformSupportModulesInManaged (9ms)
			SetLoadedEditorAssemblies (8ms)
			RefreshPlugins (0ms)
			BeforeProcessingInitializeOnLoad (2ms)
			ProcessInitializeOnLoadAttributes (139ms)
			ProcessInitializeOnLoadMethodAttributes (55ms)
			AfterProcessingInitializeOnLoad (0ms)
			EditorAssembliesLoaded (0ms)
		ExecutionOrderSort2 (0ms)
		AwakeInstancesAfterBackupRestoration (0ms)
========================================================================
Worker process is ready to serve import requests
Begin MonoManager ReloadAssembly
- Loaded All Assemblies, in  0.621 seconds
Refreshing native plugins compatible for Editor in 4.16 ms, found 3 plugins.
Native extension for WindowsStandalone target not found
Package Manager log level set to [2]
[Package Manager] Server::EnsureServerProcessIsRunning -- launch failed, reason: Unity was launched with the -noUpm command-line argument
[Package Manager] UpmClient::Send -- Unable to send message (not connected to UPM process).
[Package Manager] Cannot connect to Unity Package Manager local server
Mono: successfully reloaded assembly
- Finished resetting the current domain, in  0.738 seconds
Domain Reload Profiling: 1357ms
	BeginReloadAssembly (141ms)
		ExecutionOrderSort (0ms)
		DisableScriptedObjects (6ms)
		BackupInstance (0ms)
		ReleaseScriptingObjects (0ms)
		CreateAndSetChildDomain (18ms)
	RebuildCommonClasses (33ms)
	RebuildNativeTypeToScriptingClass (11ms)
	initialDomainReloadingComplete (40ms)
	LoadAllAssembliesAndSetupDomain (393ms)
		LoadAssemblies (292ms)
		RebuildTransferFunctionScriptingTraits (0ms)
		AnalyzeDomain (181ms)
			TypeCache.Refresh (161ms)
				TypeCache.ScanAssembly (146ms)
			ScanForSourceGeneratedMonoScriptInfo (15ms)
			ResolveRequiredComponents (4ms)
	FinalizeReload (739ms)
		ReleaseScriptCaches (0ms)
		RebuildScriptCaches (0ms)
		SetupLoadedEditorAssemblies (585ms)
			LogAssemblyErrors (0ms)
			InitializePlatformSupportModulesInManaged (5ms)
			SetLoadedEditorAssemblies (3ms)
			RefreshPlugins (0ms)
			BeforeProcessingInitializeOnLoad (56ms)
			ProcessInitializeOnLoadAttributes (498ms)
			ProcessInitializeOnLoadMethodAttributes (20ms)
			AfterProcessingInitializeOnLoad (3ms)
			EditorAssembliesLoaded (0ms)
		ExecutionOrderSort2 (0ms)
		AwakeInstancesAfterBackupRestoration (9ms)
Launched and connected shader compiler UnityShaderCompiler.exe after 0.04 seconds
Refreshing native plugins compatible for Editor in 2.22 ms, found 3 plugins.
Preloading 0 native plugins for Editor in 0.00 ms.
Unloading 3069 Unused Serialized files (Serialized files now loaded: 0)
Unloading 31 unused Assets / (56.3 KB). Loaded Objects now: 3531.
Memory consumption went from 117.0 MB to 116.9 MB.
Total: 2.148200 ms (FindLiveObjects: 0.136000 ms CreateObjectMapping: 0.058400 ms MarkObjects: 1.885500 ms  DeleteObjects: 0.067400 ms)

AssetImportParameters requested are different than current active one (requested -> active):
  custom:container-demuxer-ogg: 62fdf1f143b41e24485cea50d1cbac27 -> 
  custom:video-decoder-ogg-theora: a1e56fd34408186e4bbccfd4996cb3dc -> 
  custom:framework-win-MediaFoundation: 216162199b28c13a410421893ffa2e32 -> 
  custom:CustomObjectIndexerAttribute: 756ad292c208cfabdd7b50bc23989ffe -> 
  custom:container-demuxer-webm: 4f35f7cbe854078d1ac9338744f61a02 -> 
  custom:container-muxer-webm: aa71ff27fc2769a1b78a27578f13a17b -> 
  custom:video-decoder-webm-vp8: 9c59270c3fd7afecdb556c50c9e8de78 -> 
  custom:SearchIndexIgnoredProperties: e643bd26f0fe6173181afceb89e7c659 -> 
  custom:AudioImporter_EditorPlatform: d09bf68614088b80899f8185d706f6e7 -> 
  custom:video-encoder-webm-vp8: eb34c28f22e8b96e1ab97ce403110664 -> 
  custom:audio-decoder-ogg-vorbis: bf7c407c2cedff20999df2af8eb42d56 -> 
  custom:audio-encoder-webm-vorbis: bf7c407c2cedff20999df2af8eb42d56 -> 
========================================================================
Received Import Request.
  Time since last request: 83858.259779 seconds.
  path: Assets/Simple Modular Dungeon/Scenes
  artifactKey: Guid(218eeb05022cbdc47aea1bedaa607e47) Importer(815301076,1909f56bfc062723c751e8b465ee728b)
Start importing Assets/Simple Modular Dungeon/Scenes using Guid(218eeb05022cbdc47aea1bedaa607e47) Importer(815301076,1909f56bfc062723c751e8b465ee728b)  -> (artifact id: '6e9eca69ef0dc24e19e03114b6db8803') in 0.002223 seconds
Number of updated asset objects reloaded before import = 0
Number of asset objects unloaded after import = 0
========================================================================
Received Import Request.
  Time since last request: 2.450887 seconds.
  path: Assets/Simple Modular Dungeon/Scenes/Modular Dungeon.unity
  artifactKey: Guid(27915ac565aadf048b89a94d619c501d) Importer(815301076,1909f56bfc062723c751e8b465ee728b)
Start importing Assets/Simple Modular Dungeon/Scenes/Modular Dungeon.unity using Guid(27915ac565aadf048b89a94d619c501d) Importer(815301076,1909f56bfc062723c751e8b465ee728b)  -> (artifact id: '1a9857fa49642f61702a86d31e78984a') in 0.000564 seconds
Number of updated asset objects reloaded before import = 0
Number of asset objects unloaded after import = 0
========================================================================
Received Import Request.
  Time since last request: 7805.292618 seconds.
  path: Assets/Simple Modular Dungeon/Prefabs
  artifactKey: Guid(ed32d3c109b31c14ba832c65f9451cd4) Importer(815301076,1909f56bfc062723c751e8b465ee728b)
Start importing Assets/Simple Modular Dungeon/Prefabs using Guid(ed32d3c109b31c14ba832c65f9451cd4) Importer(815301076,1909f56bfc062723c751e8b465ee728b)  -> (artifact id: '2e9b535b060a14c98dfe1e963f8110b7') in 0.000607 seconds
Number of updated asset objects reloaded before import = 0
Number of asset objects unloaded after import = 0
========================================================================
Received Import Request.
  Time since last request: 144.062960 seconds.
  path: Assets/Simple Modular Dungeon/Prefabs/Walls
  artifactKey: Guid(78ededb1a77b1fe4e84d1973019114f7) Importer(815301076,1909f56bfc062723c751e8b465ee728b)
Start importing Assets/Simple Modular Dungeon/Prefabs/Walls using Guid(78ededb1a77b1fe4e84d1973019114f7) Importer(815301076,1909f56bfc062723c751e8b465ee728b)  -> (artifact id: 'e45e23294885ac9451055750b79eecd0') in 0.000498 seconds
Number of updated asset objects reloaded before import = 0
Number of asset objects unloaded after import = 0
========================================================================
Received Import Request.
  Time since last request: 1.612404 seconds.
  path: Assets/Simple Modular Dungeon/Prefabs/Walls/Walls
  artifactKey: Guid(f21d74b00a9f689498bafd7243a30b4f) Importer(815301076,1909f56bfc062723c751e8b465ee728b)
Start importing Assets/Simple Modular Dungeon/Prefabs/Walls/Walls using Guid(f21d74b00a9f689498bafd7243a30b4f) Importer(815301076,1909f56bfc062723c751e8b465ee728b)  -> (artifact id: '62b3bc9617b39d8f18b5950878e94baa') in 0.000569 seconds
Number of updated asset objects reloaded before import = 0
Number of asset objects unloaded after import = 0
========================================================================
Received Import Request.
  Time since last request: 0.038614 seconds.
  path: Assets/Simple Modular Dungeon/Prefabs/Walls/Walls/Wall Parent 001.prefab
  artifactKey: Guid(7a9c2872915ad414e83307c9864abb76) Importer(815301076,1909f56bfc062723c751e8b465ee728b)
Start importing Assets/Simple Modular Dungeon/Prefabs/Walls/Walls/Wall Parent 001.prefab using Guid(7a9c2872915ad414e83307c9864abb76) Importer(815301076,1909f56bfc062723c751e8b465ee728b)  -> (artifact id: '577e1d0184724094455caec10e5a6eae') in 0.343394 seconds
Number of updated asset objects reloaded before import = 0
Number of asset objects unloaded after import = 23
========================================================================
Received Import Request.
  Time since last request: 0.000018 seconds.
  path: Assets/Simple Modular Dungeon/Prefabs/Walls/Walls/Wall Parent 007.prefab
  artifactKey: Guid(57b9a02f491aa734b8ea09834c302303) Importer(815301076,1909f56bfc062723c751e8b465ee728b)
Start importing Assets/Simple Modular Dungeon/Prefabs/Walls/Walls/Wall Parent 007.prefab using Guid(57b9a02f491aa734b8ea09834c302303) Importer(815301076,1909f56bfc062723c751e8b465ee728b)  -> (artifact id: 'e44840f7c21f4b778ed56b5e7ee348b3') in 0.029543 seconds
Number of updated asset objects reloaded before import = 0
Number of asset objects unloaded after import = 24
========================================================================
Received Import Request.
  Time since last request: 0.000025 seconds.
  path: Assets/Simple Modular Dungeon/Prefabs/Walls/Walls/Wall Parent 003.prefab
  artifactKey: Guid(fe7a1c74587ac614790d0638b1873ba1) Importer(815301076,1909f56bfc062723c751e8b465ee728b)
Start importing Assets/Simple Modular Dungeon/Prefabs/Walls/Walls/Wall Parent 003.prefab using Guid(fe7a1c74587ac614790d0638b1873ba1) Importer(815301076,1909f56bfc062723c751e8b465ee728b)  -> (artifact id: '0355848cf8a0d7d5168a0e9d28046750') in 0.026919 seconds
Number of updated asset objects reloaded before import = 0
Number of asset objects unloaded after import = 23
========================================================================
Received Import Request.
  Time since last request: 0.000017 seconds.
  path: Assets/Simple Modular Dungeon/Prefabs/Walls/Walls/Wall Parent 006.prefab
  artifactKey: Guid(8790f5475dc7010429a4b86b6dae403f) Importer(815301076,1909f56bfc062723c751e8b465ee728b)
Start importing Assets/Simple Modular Dungeon/Prefabs/Walls/Walls/Wall Parent 006.prefab using Guid(8790f5475dc7010429a4b86b6dae403f) Importer(815301076,1909f56bfc062723c751e8b465ee728b)  -> (artifact id: 'cb9d005888bc266122781f4c18a3121a') in 0.019836 seconds
Number of updated asset objects reloaded before import = 0
Number of asset objects unloaded after import = 24
========================================================================
Received Import Request.
  Time since last request: 1.307317 seconds.
  path: Assets/Simple Modular Dungeon/Prefabs/Props/Barrel Parent 001.prefab
  artifactKey: Guid(a4140530cfba26e4f88f22ea8174b6f4) Importer(815301076,1909f56bfc062723c751e8b465ee728b)
Start importing Assets/Simple Modular Dungeon/Prefabs/Props/Barrel Parent 001.prefab using Guid(a4140530cfba26e4f88f22ea8174b6f4) Importer(815301076,1909f56bfc062723c751e8b465ee728b)  -> (artifact id: 'e2b7e850135f8b8ad52956e190a30f63') in 0.023529 seconds
Number of updated asset objects reloaded before import = 0
Number of asset objects unloaded after import = 22
========================================================================
Received Import Request.
  Time since last request: 0.000022 seconds.
  path: Assets/Simple Modular Dungeon/Prefabs/Props/Crate Parent 001.prefab
  artifactKey: Guid(5f1cf3fcc1acb1b4eb479d3826dfde11) Importer(815301076,1909f56bfc062723c751e8b465ee728b)
Start importing Assets/Simple Modular Dungeon/Prefabs/Props/Crate Parent 001.prefab using Guid(5f1cf3fcc1acb1b4eb479d3826dfde11) Importer(815301076,1909f56bfc062723c751e8b465ee728b)  -> (artifact id: 'fa7fc8ffcf240179994091d05eba8af3') in 0.016071 seconds
Number of updated asset objects reloaded before import = 0
Number of asset objects unloaded after import = 16
========================================================================
Received Import Request.
  Time since last request: 0.000015 seconds.
  path: Assets/Simple Modular Dungeon/Prefabs/Props/Podium Parent 001.prefab
  artifactKey: Guid(c2286f67497ea024eb78b44a5dac2a0e) Importer(815301076,1909f56bfc062723c751e8b465ee728b)
Start importing Assets/Simple Modular Dungeon/Prefabs/Props/Podium Parent 001.prefab using Guid(c2286f67497ea024eb78b44a5dac2a0e) Importer(815301076,1909f56bfc062723c751e8b465ee728b)  -> (artifact id: '2f47bb389fe4b5d52ee00d19387d26ae') in 0.015731 seconds
Number of updated asset objects reloaded before import = 0
Number of asset objects unloaded after import = 16
========================================================================
Received Import Request.
  Time since last request: 0.000015 seconds.
  path: Assets/Simple Modular Dungeon/Prefabs/Props/Large Podium Parent 001.prefab
  artifactKey: Guid(6d52c1779545cdc4f9b4ee89cee569b0) Importer(815301076,1909f56bfc062723c751e8b465ee728b)
Start importing Assets/Simple Modular Dungeon/Prefabs/Props/Large Podium Parent 001.prefab using Guid(6d52c1779545cdc4f9b4ee89cee569b0) Importer(815301076,1909f56bfc062723c751e8b465ee728b)  -> (artifact id: '0068d99822b6c4326083d5145a248905') in 0.048781 seconds
Number of updated asset objects reloaded before import = 0
Number of asset objects unloaded after import = 96
========================================================================
Received Import Request.
  Time since last request: 0.000018 seconds.
  path: Assets/Simple Modular Dungeon/Prefabs/Props/Empty Bookshelf Parent 001.prefab
  artifactKey: Guid(cc4abe4a46c96ff4dba4cda6f58f0ad1) Importer(815301076,1909f56bfc062723c751e8b465ee728b)
Start importing Assets/Simple Modular Dungeon/Prefabs/Props/Empty Bookshelf Parent 001.prefab using Guid(cc4abe4a46c96ff4dba4cda6f58f0ad1) Importer(815301076,1909f56bfc062723c751e8b465ee728b)  -> (artifact id: '5f9023943775a56f65581d7340ee14fc') in 0.018550 seconds
Number of updated asset objects reloaded before import = 0
Number of asset objects unloaded after import = 16
========================================================================
Received Import Request.
  Time since last request: 0.000023 seconds.
  path: Assets/Simple Modular Dungeon/Prefabs/Props/Chest Parent 001.prefab
  artifactKey: Guid(d2b67af396bfa6940a00740de263da1e) Importer(815301076,1909f56bfc062723c751e8b465ee728b)
Start importing Assets/Simple Modular Dungeon/Prefabs/Props/Chest Parent 001.prefab using Guid(d2b67af396bfa6940a00740de263da1e) Importer(815301076,1909f56bfc062723c751e8b465ee728b)  -> (artifact id: 'ef67450b97554787abeb260b3ae74f34') in 0.021897 seconds
Number of updated asset objects reloaded before import = 0
Number of asset objects unloaded after import = 22
========================================================================
Received Import Request.
  Time since last request: 0.000017 seconds.
  path: Assets/Simple Modular Dungeon/Prefabs/Props/Metal Grate Parent 001.prefab
  artifactKey: Guid(05b70bb637c1de5458361cdbe2cab1a2) Importer(815301076,1909f56bfc062723c751e8b465ee728b)
Start importing Assets/Simple Modular Dungeon/Prefabs/Props/Metal Grate Parent 001.prefab using Guid(05b70bb637c1de5458361cdbe2cab1a2) Importer(815301076,1909f56bfc062723c751e8b465ee728b)  -> (artifact id: '770cc26146af3237498b619b25e62651') in 0.016426 seconds
Number of updated asset objects reloaded before import = 0
Number of asset objects unloaded after import = 16
========================================================================
Received Import Request.
  Time since last request: 0.000017 seconds.
  path: Assets/Simple Modular Dungeon/Prefabs/Props/Small Crate Parent 001.prefab
  artifactKey: Guid(37be96c9356cdec4cbea554e8db1fd75) Importer(815301076,1909f56bfc062723c751e8b465ee728b)
Start importing Assets/Simple Modular Dungeon/Prefabs/Props/Small Crate Parent 001.prefab using Guid(37be96c9356cdec4cbea554e8db1fd75) Importer(815301076,1909f56bfc062723c751e8b465ee728b)  -> (artifact id: '63ddf2c82002755035f2e7c09901fb7e') in 0.016016 seconds
Number of updated asset objects reloaded before import = 0
Number of asset objects unloaded after import = 16
========================================================================
Received Import Request.
  Time since last request: 0.000016 seconds.
  path: Assets/Simple Modular Dungeon/Prefabs/Props/Podium Parent 003.prefab
  artifactKey: Guid(729deec6e080cfa469aea735d7c78644) Importer(815301076,1909f56bfc062723c751e8b465ee728b)
Start importing Assets/Simple Modular Dungeon/Prefabs/Props/Podium Parent 003.prefab using Guid(729deec6e080cfa469aea735d7c78644) Importer(815301076,1909f56bfc062723c751e8b465ee728b)  -> (artifact id: '949fe4944084ed2d9acf28bdb452fb1a') in 0.022809 seconds
Number of updated asset objects reloaded before import = 0
Number of asset objects unloaded after import = 16
========================================================================
Received Import Request.
  Time since last request: 0.000018 seconds.
  path: Assets/Simple Modular Dungeon/Prefabs/Props/Bookshelf Parent 002.prefab
  artifactKey: Guid(f994e0bf1150bd545ae497bf1b733297) Importer(815301076,1909f56bfc062723c751e8b465ee728b)
Start importing Assets/Simple Modular Dungeon/Prefabs/Props/Bookshelf Parent 002.prefab using Guid(f994e0bf1150bd545ae497bf1b733297) Importer(815301076,1909f56bfc062723c751e8b465ee728b)  -> (artifact id: 'b2891dd9086b0899c5e093cef0f2c775') in 0.197738 seconds
Number of updated asset objects reloaded before import = 0
Number of asset objects unloaded after import = 508
========================================================================
Received Import Request.
  Time since last request: 3.171431 seconds.
  path: Assets/Simple Modular Dungeon/Prefabs/Floors & Stair/Floor Rock Parent 002.prefab
  artifactKey: Guid(a6aa9f20791939347bece85756b00ec6) Importer(815301076,1909f56bfc062723c751e8b465ee728b)
Start importing Assets/Simple Modular Dungeon/Prefabs/Floors & Stair/Floor Rock Parent 002.prefab using Guid(a6aa9f20791939347bece85756b00ec6) Importer(815301076,1909f56bfc062723c751e8b465ee728b)  -> (artifact id: '5b1d93bd6e8996ebad6fabe323793669') in 0.026386 seconds
Number of updated asset objects reloaded before import = 0
Number of asset objects unloaded after import = 22
Editor requested this worker to shutdown with reason: Scaling down because of idle timeout
TcpMessagingSession - receive error: operation aborted. errorcode: 995, details: The I/O operation has been aborted because of either a thread exit or an application request.
AssetImportWorker is now disconnected from the server
Process exiting
Exiting without the bug reporter. Application will terminate with return code 0